<?xml version="1.0" encoding="UTF-8"?>
<testsuite xmlns:xsi="http://www.w3.org/2001/XMLSchema-instance" xsi:noNamespaceSchemaLocation="https://maven.apache.org/surefire/maven-surefire-plugin/xsd/surefire-test-report-3.0.xsd" version="3.0" name="second_degree_equation.RunCucumberTest" time="54.961" tests="6" errors="3" skipped="0" failures="2">
  <properties>
    <property name="java.specification.version" value="17"/>
    <property name="sun.jnu.encoding" value="UTF-8"/>
    <property name="java.class.path" value="/home/roosvelt/Documents/SIGL/M2/INF563/TP EXAM/second_degree_equation/target/test-classes:/home/roosvelt/Documents/SIGL/M2/INF563/TP EXAM/second_degree_equation/target/classes:/home/roosvelt/.m2/repository/io/cucumber/cucumber-java/7.15.0/cucumber-java-7.15.0.jar:/home/roosvelt/.m2/repository/io/cucumber/cucumber-core/7.15.0/cucumber-core-7.15.0.jar:/home/roosvelt/.m2/repository/io/cucumber/cucumber-gherkin/7.15.0/cucumber-gherkin-7.15.0.jar:/home/roosvelt/.m2/repository/io/cucumber/cucumber-gherkin-messages/7.15.0/cucumber-gherkin-messages-7.15.0.jar:/home/roosvelt/.m2/repository/io/cucumber/gherkin/26.2.0/gherkin-26.2.0.jar:/home/roosvelt/.m2/repository/io/cucumber/messages/22.0.0/messages-22.0.0.jar:/home/roosvelt/.m2/repository/io/cucumber/tag-expressions/6.0.0/tag-expressions-6.0.0.jar:/home/roosvelt/.m2/repository/io/cucumber/cucumber-expressions/17.0.1/cucumber-expressions-17.0.1.jar:/home/roosvelt/.m2/repository/io/cucumber/datatable/7.15.0/datatable-7.15.0.jar:/home/roosvelt/.m2/repository/io/cucumber/cucumber-plugin/7.15.0/cucumber-plugin-7.15.0.jar:/home/roosvelt/.m2/repository/io/cucumber/docstring/7.15.0/docstring-7.15.0.jar:/home/roosvelt/.m2/repository/io/cucumber/html-formatter/20.4.0/html-formatter-20.4.0.jar:/home/roosvelt/.m2/repository/io/cucumber/junit-xml-formatter/0.2.0/junit-xml-formatter-0.2.0.jar:/home/roosvelt/.m2/repository/io/cucumber/ci-environment/10.0.0/ci-environment-10.0.0.jar:/home/roosvelt/.m2/repository/org/apiguardian/apiguardian-api/1.1.2/apiguardian-api-1.1.2.jar:/home/roosvelt/.m2/repository/io/cucumber/cucumber-junit-platform-engine/7.15.0/cucumber-junit-platform-engine-7.15.0.jar:/home/roosvelt/.m2/repository/org/junit/platform/junit-platform-engine/1.10.1/junit-platform-engine-1.10.1.jar:/home/roosvelt/.m2/repository/org/opentest4j/opentest4j/1.3.0/opentest4j-1.3.0.jar:/home/roosvelt/.m2/repository/org/junit/platform/junit-platform-commons/1.10.1/junit-platform-commons-1.10.1.jar:/home/roosvelt/.m2/repository/org/junit/platform/junit-platform-suite/1.10.1/junit-platform-suite-1.10.1.jar:/home/roosvelt/.m2/repository/org/junit/platform/junit-platform-suite-api/1.10.1/junit-platform-suite-api-1.10.1.jar:/home/roosvelt/.m2/repository/org/junit/platform/junit-platform-suite-engine/1.10.1/junit-platform-suite-engine-1.10.1.jar:/home/roosvelt/.m2/repository/org/junit/platform/junit-platform-suite-commons/1.10.1/junit-platform-suite-commons-1.10.1.jar:/home/roosvelt/.m2/repository/org/junit/platform/junit-platform-launcher/1.10.1/junit-platform-launcher-1.10.1.jar:/home/roosvelt/.m2/repository/org/junit/jupiter/junit-jupiter/5.10.1/junit-jupiter-5.10.1.jar:/home/roosvelt/.m2/repository/org/junit/jupiter/junit-jupiter-api/5.10.1/junit-jupiter-api-5.10.1.jar:/home/roosvelt/.m2/repository/org/junit/jupiter/junit-jupiter-params/5.10.1/junit-jupiter-params-5.10.1.jar:/home/roosvelt/.m2/repository/org/junit/jupiter/junit-jupiter-engine/5.10.1/junit-jupiter-engine-5.10.1.jar:/home/roosvelt/.m2/repository/org/apache/commons/commons-csv/1.1/commons-csv-1.1.jar:/home/roosvelt/.m2/repository/jakarta/servlet/jakarta.servlet-api/6.0.0/jakarta.servlet-api-6.0.0.jar:/home/roosvelt/.m2/repository/org/seleniumhq/selenium/selenium-java/4.17.0/selenium-java-4.17.0.jar:/home/roosvelt/.m2/repository/org/seleniumhq/selenium/selenium-api/4.17.0/selenium-api-4.17.0.jar:/home/roosvelt/.m2/repository/org/seleniumhq/selenium/selenium-chrome-driver/4.17.0/selenium-chrome-driver-4.17.0.jar:/home/roosvelt/.m2/repository/com/google/auto/service/auto-service-annotations/1.1.1/auto-service-annotations-1.1.1.jar:/home/roosvelt/.m2/repository/org/seleniumhq/selenium/selenium-chromium-driver/4.17.0/selenium-chromium-driver-4.17.0.jar:/home/roosvelt/.m2/repository/org/seleniumhq/selenium/selenium-json/4.17.0/selenium-json-4.17.0.jar:/home/roosvelt/.m2/repository/org/seleniumhq/selenium/selenium-manager/4.17.0/selenium-manager-4.17.0.jar:/home/roosvelt/.m2/repository/org/seleniumhq/selenium/selenium-devtools-v119/4.17.0/selenium-devtools-v119-4.17.0.jar:/home/roosvelt/.m2/repository/org/seleniumhq/selenium/selenium-devtools-v120/4.17.0/selenium-devtools-v120-4.17.0.jar:/home/roosvelt/.m2/repository/org/seleniumhq/selenium/selenium-devtools-v121/4.17.0/selenium-devtools-v121-4.17.0.jar:/home/roosvelt/.m2/repository/org/seleniumhq/selenium/selenium-devtools-v85/4.17.0/selenium-devtools-v85-4.17.0.jar:/home/roosvelt/.m2/repository/org/seleniumhq/selenium/selenium-edge-driver/4.17.0/selenium-edge-driver-4.17.0.jar:/home/roosvelt/.m2/repository/org/seleniumhq/selenium/selenium-firefox-driver/4.17.0/selenium-firefox-driver-4.17.0.jar:/home/roosvelt/.m2/repository/org/seleniumhq/selenium/selenium-http/4.17.0/selenium-http-4.17.0.jar:/home/roosvelt/.m2/repository/dev/failsafe/failsafe/3.3.2/failsafe-3.3.2.jar:/home/roosvelt/.m2/repository/org/seleniumhq/selenium/selenium-ie-driver/4.17.0/selenium-ie-driver-4.17.0.jar:/home/roosvelt/.m2/repository/org/seleniumhq/selenium/selenium-remote-driver/4.17.0/selenium-remote-driver-4.17.0.jar:/home/roosvelt/.m2/repository/com/google/guava/guava/33.0.0-jre/guava-33.0.0-jre.jar:/home/roosvelt/.m2/repository/com/google/guava/failureaccess/1.0.2/failureaccess-1.0.2.jar:/home/roosvelt/.m2/repository/com/google/guava/listenablefuture/9999.0-empty-to-avoid-conflict-with-guava/listenablefuture-9999.0-empty-to-avoid-conflict-with-guava.jar:/home/roosvelt/.m2/repository/com/google/code/findbugs/jsr305/3.0.2/jsr305-3.0.2.jar:/home/roosvelt/.m2/repository/org/checkerframework/checker-qual/3.41.0/checker-qual-3.41.0.jar:/home/roosvelt/.m2/repository/com/google/errorprone/error_prone_annotations/2.23.0/error_prone_annotations-2.23.0.jar:/home/roosvelt/.m2/repository/com/google/j2objc/j2objc-annotations/2.8/j2objc-annotations-2.8.jar:/home/roosvelt/.m2/repository/io/opentelemetry/semconv/opentelemetry-semconv/1.23.1-alpha/opentelemetry-semconv-1.23.1-alpha.jar:/home/roosvelt/.m2/repository/io/opentelemetry/opentelemetry-api/1.34.1/opentelemetry-api-1.34.1.jar:/home/roosvelt/.m2/repository/io/opentelemetry/opentelemetry-context/1.34.1/opentelemetry-context-1.34.1.jar:/home/roosvelt/.m2/repository/io/opentelemetry/opentelemetry-exporter-logging/1.34.1/opentelemetry-exporter-logging-1.34.1.jar:/home/roosvelt/.m2/repository/io/opentelemetry/opentelemetry-sdk-common/1.34.1/opentelemetry-sdk-common-1.34.1.jar:/home/roosvelt/.m2/repository/io/opentelemetry/opentelemetry-sdk-extension-autoconfigure-spi/1.34.1/opentelemetry-sdk-extension-autoconfigure-spi-1.34.1.jar:/home/roosvelt/.m2/repository/io/opentelemetry/opentelemetry-sdk-extension-autoconfigure/1.34.1/opentelemetry-sdk-extension-autoconfigure-1.34.1.jar:/home/roosvelt/.m2/repository/io/opentelemetry/opentelemetry-api-events/1.34.1-alpha/opentelemetry-api-events-1.34.1-alpha.jar:/home/roosvelt/.m2/repository/io/opentelemetry/opentelemetry-sdk-trace/1.34.1/opentelemetry-sdk-trace-1.34.1.jar:/home/roosvelt/.m2/repository/io/opentelemetry/opentelemetry-sdk/1.34.1/opentelemetry-sdk-1.34.1.jar:/home/roosvelt/.m2/repository/io/opentelemetry/opentelemetry-sdk-metrics/1.34.1/opentelemetry-sdk-metrics-1.34.1.jar:/home/roosvelt/.m2/repository/io/opentelemetry/opentelemetry-extension-incubator/1.34.1-alpha/opentelemetry-extension-incubator-1.34.1-alpha.jar:/home/roosvelt/.m2/repository/io/opentelemetry/opentelemetry-sdk-logs/1.34.1/opentelemetry-sdk-logs-1.34.1.jar:/home/roosvelt/.m2/repository/net/bytebuddy/byte-buddy/1.14.11/byte-buddy-1.14.11.jar:/home/roosvelt/.m2/repository/org/seleniumhq/selenium/selenium-os/4.17.0/selenium-os-4.17.0.jar:/home/roosvelt/.m2/repository/org/apache/commons/commons-exec/1.3/commons-exec-1.3.jar:/home/roosvelt/.m2/repository/org/seleniumhq/selenium/selenium-safari-driver/4.17.0/selenium-safari-driver-4.17.0.jar:/home/roosvelt/.m2/repository/org/seleniumhq/selenium/selenium-support/4.17.0/selenium-support-4.17.0.jar:"/>
    <property name="java.vm.vendor" value="Private Build"/>
    <property name="sun.arch.data.model" value="64"/>
    <property name="java.vendor.url" value="Unknown"/>
    <property name="user.timezone" value="Africa/Douala"/>
    <property name="os.name" value="Linux"/>
    <property name="java.vm.specification.version" value="17"/>
    <property name="sun.java.launcher" value="SUN_STANDARD"/>
    <property name="user.country" value="FR"/>
    <property name="sun.boot.library.path" value="/usr/lib/jvm/java-17-openjdk-amd64/lib"/>
    <property name="sun.java.command" value="/home/roosvelt/Documents/SIGL/M2/INF563/TP EXAM/second_degree_equation/target/surefire/surefirebooter-20240125162008139_3.jar /home/roosvelt/Documents/SIGL/M2/INF563/TP EXAM/second_degree_equation/target/surefire 2024-01-25T16-20-07_789-jvmRun1 surefire-20240125162008139_1tmp surefire_0-20240125162008139_2tmp"/>
    <property name="jdk.debug" value="release"/>
    <property name="surefire.test.class.path" value="/home/roosvelt/Documents/SIGL/M2/INF563/TP EXAM/second_degree_equation/target/test-classes:/home/roosvelt/Documents/SIGL/M2/INF563/TP EXAM/second_degree_equation/target/classes:/home/roosvelt/.m2/repository/io/cucumber/cucumber-java/7.15.0/cucumber-java-7.15.0.jar:/home/roosvelt/.m2/repository/io/cucumber/cucumber-core/7.15.0/cucumber-core-7.15.0.jar:/home/roosvelt/.m2/repository/io/cucumber/cucumber-gherkin/7.15.0/cucumber-gherkin-7.15.0.jar:/home/roosvelt/.m2/repository/io/cucumber/cucumber-gherkin-messages/7.15.0/cucumber-gherkin-messages-7.15.0.jar:/home/roosvelt/.m2/repository/io/cucumber/gherkin/26.2.0/gherkin-26.2.0.jar:/home/roosvelt/.m2/repository/io/cucumber/messages/22.0.0/messages-22.0.0.jar:/home/roosvelt/.m2/repository/io/cucumber/tag-expressions/6.0.0/tag-expressions-6.0.0.jar:/home/roosvelt/.m2/repository/io/cucumber/cucumber-expressions/17.0.1/cucumber-expressions-17.0.1.jar:/home/roosvelt/.m2/repository/io/cucumber/datatable/7.15.0/datatable-7.15.0.jar:/home/roosvelt/.m2/repository/io/cucumber/cucumber-plugin/7.15.0/cucumber-plugin-7.15.0.jar:/home/roosvelt/.m2/repository/io/cucumber/docstring/7.15.0/docstring-7.15.0.jar:/home/roosvelt/.m2/repository/io/cucumber/html-formatter/20.4.0/html-formatter-20.4.0.jar:/home/roosvelt/.m2/repository/io/cucumber/junit-xml-formatter/0.2.0/junit-xml-formatter-0.2.0.jar:/home/roosvelt/.m2/repository/io/cucumber/ci-environment/10.0.0/ci-environment-10.0.0.jar:/home/roosvelt/.m2/repository/org/apiguardian/apiguardian-api/1.1.2/apiguardian-api-1.1.2.jar:/home/roosvelt/.m2/repository/io/cucumber/cucumber-junit-platform-engine/7.15.0/cucumber-junit-platform-engine-7.15.0.jar:/home/roosvelt/.m2/repository/org/junit/platform/junit-platform-engine/1.10.1/junit-platform-engine-1.10.1.jar:/home/roosvelt/.m2/repository/org/opentest4j/opentest4j/1.3.0/opentest4j-1.3.0.jar:/home/roosvelt/.m2/repository/org/junit/platform/junit-platform-commons/1.10.1/junit-platform-commons-1.10.1.jar:/home/roosvelt/.m2/repository/org/junit/platform/junit-platform-suite/1.10.1/junit-platform-suite-1.10.1.jar:/home/roosvelt/.m2/repository/org/junit/platform/junit-platform-suite-api/1.10.1/junit-platform-suite-api-1.10.1.jar:/home/roosvelt/.m2/repository/org/junit/platform/junit-platform-suite-engine/1.10.1/junit-platform-suite-engine-1.10.1.jar:/home/roosvelt/.m2/repository/org/junit/platform/junit-platform-suite-commons/1.10.1/junit-platform-suite-commons-1.10.1.jar:/home/roosvelt/.m2/repository/org/junit/platform/junit-platform-launcher/1.10.1/junit-platform-launcher-1.10.1.jar:/home/roosvelt/.m2/repository/org/junit/jupiter/junit-jupiter/5.10.1/junit-jupiter-5.10.1.jar:/home/roosvelt/.m2/repository/org/junit/jupiter/junit-jupiter-api/5.10.1/junit-jupiter-api-5.10.1.jar:/home/roosvelt/.m2/repository/org/junit/jupiter/junit-jupiter-params/5.10.1/junit-jupiter-params-5.10.1.jar:/home/roosvelt/.m2/repository/org/junit/jupiter/junit-jupiter-engine/5.10.1/junit-jupiter-engine-5.10.1.jar:/home/roosvelt/.m2/repository/org/apache/commons/commons-csv/1.1/commons-csv-1.1.jar:/home/roosvelt/.m2/repository/jakarta/servlet/jakarta.servlet-api/6.0.0/jakarta.servlet-api-6.0.0.jar:/home/roosvelt/.m2/repository/org/seleniumhq/selenium/selenium-java/4.17.0/selenium-java-4.17.0.jar:/home/roosvelt/.m2/repository/org/seleniumhq/selenium/selenium-api/4.17.0/selenium-api-4.17.0.jar:/home/roosvelt/.m2/repository/org/seleniumhq/selenium/selenium-chrome-driver/4.17.0/selenium-chrome-driver-4.17.0.jar:/home/roosvelt/.m2/repository/com/google/auto/service/auto-service-annotations/1.1.1/auto-service-annotations-1.1.1.jar:/home/roosvelt/.m2/repository/org/seleniumhq/selenium/selenium-chromium-driver/4.17.0/selenium-chromium-driver-4.17.0.jar:/home/roosvelt/.m2/repository/org/seleniumhq/selenium/selenium-json/4.17.0/selenium-json-4.17.0.jar:/home/roosvelt/.m2/repository/org/seleniumhq/selenium/selenium-manager/4.17.0/selenium-manager-4.17.0.jar:/home/roosvelt/.m2/repository/org/seleniumhq/selenium/selenium-devtools-v119/4.17.0/selenium-devtools-v119-4.17.0.jar:/home/roosvelt/.m2/repository/org/seleniumhq/selenium/selenium-devtools-v120/4.17.0/selenium-devtools-v120-4.17.0.jar:/home/roosvelt/.m2/repository/org/seleniumhq/selenium/selenium-devtools-v121/4.17.0/selenium-devtools-v121-4.17.0.jar:/home/roosvelt/.m2/repository/org/seleniumhq/selenium/selenium-devtools-v85/4.17.0/selenium-devtools-v85-4.17.0.jar:/home/roosvelt/.m2/repository/org/seleniumhq/selenium/selenium-edge-driver/4.17.0/selenium-edge-driver-4.17.0.jar:/home/roosvelt/.m2/repository/org/seleniumhq/selenium/selenium-firefox-driver/4.17.0/selenium-firefox-driver-4.17.0.jar:/home/roosvelt/.m2/repository/org/seleniumhq/selenium/selenium-http/4.17.0/selenium-http-4.17.0.jar:/home/roosvelt/.m2/repository/dev/failsafe/failsafe/3.3.2/failsafe-3.3.2.jar:/home/roosvelt/.m2/repository/org/seleniumhq/selenium/selenium-ie-driver/4.17.0/selenium-ie-driver-4.17.0.jar:/home/roosvelt/.m2/repository/org/seleniumhq/selenium/selenium-remote-driver/4.17.0/selenium-remote-driver-4.17.0.jar:/home/roosvelt/.m2/repository/com/google/guava/guava/33.0.0-jre/guava-33.0.0-jre.jar:/home/roosvelt/.m2/repository/com/google/guava/failureaccess/1.0.2/failureaccess-1.0.2.jar:/home/roosvelt/.m2/repository/com/google/guava/listenablefuture/9999.0-empty-to-avoid-conflict-with-guava/listenablefuture-9999.0-empty-to-avoid-conflict-with-guava.jar:/home/roosvelt/.m2/repository/com/google/code/findbugs/jsr305/3.0.2/jsr305-3.0.2.jar:/home/roosvelt/.m2/repository/org/checkerframework/checker-qual/3.41.0/checker-qual-3.41.0.jar:/home/roosvelt/.m2/repository/com/google/errorprone/error_prone_annotations/2.23.0/error_prone_annotations-2.23.0.jar:/home/roosvelt/.m2/repository/com/google/j2objc/j2objc-annotations/2.8/j2objc-annotations-2.8.jar:/home/roosvelt/.m2/repository/io/opentelemetry/semconv/opentelemetry-semconv/1.23.1-alpha/opentelemetry-semconv-1.23.1-alpha.jar:/home/roosvelt/.m2/repository/io/opentelemetry/opentelemetry-api/1.34.1/opentelemetry-api-1.34.1.jar:/home/roosvelt/.m2/repository/io/opentelemetry/opentelemetry-context/1.34.1/opentelemetry-context-1.34.1.jar:/home/roosvelt/.m2/repository/io/opentelemetry/opentelemetry-exporter-logging/1.34.1/opentelemetry-exporter-logging-1.34.1.jar:/home/roosvelt/.m2/repository/io/opentelemetry/opentelemetry-sdk-common/1.34.1/opentelemetry-sdk-common-1.34.1.jar:/home/roosvelt/.m2/repository/io/opentelemetry/opentelemetry-sdk-extension-autoconfigure-spi/1.34.1/opentelemetry-sdk-extension-autoconfigure-spi-1.34.1.jar:/home/roosvelt/.m2/repository/io/opentelemetry/opentelemetry-sdk-extension-autoconfigure/1.34.1/opentelemetry-sdk-extension-autoconfigure-1.34.1.jar:/home/roosvelt/.m2/repository/io/opentelemetry/opentelemetry-api-events/1.34.1-alpha/opentelemetry-api-events-1.34.1-alpha.jar:/home/roosvelt/.m2/repository/io/opentelemetry/opentelemetry-sdk-trace/1.34.1/opentelemetry-sdk-trace-1.34.1.jar:/home/roosvelt/.m2/repository/io/opentelemetry/opentelemetry-sdk/1.34.1/opentelemetry-sdk-1.34.1.jar:/home/roosvelt/.m2/repository/io/opentelemetry/opentelemetry-sdk-metrics/1.34.1/opentelemetry-sdk-metrics-1.34.1.jar:/home/roosvelt/.m2/repository/io/opentelemetry/opentelemetry-extension-incubator/1.34.1-alpha/opentelemetry-extension-incubator-1.34.1-alpha.jar:/home/roosvelt/.m2/repository/io/opentelemetry/opentelemetry-sdk-logs/1.34.1/opentelemetry-sdk-logs-1.34.1.jar:/home/roosvelt/.m2/repository/net/bytebuddy/byte-buddy/1.14.11/byte-buddy-1.14.11.jar:/home/roosvelt/.m2/repository/org/seleniumhq/selenium/selenium-os/4.17.0/selenium-os-4.17.0.jar:/home/roosvelt/.m2/repository/org/apache/commons/commons-exec/1.3/commons-exec-1.3.jar:/home/roosvelt/.m2/repository/org/seleniumhq/selenium/selenium-safari-driver/4.17.0/selenium-safari-driver-4.17.0.jar:/home/roosvelt/.m2/repository/org/seleniumhq/selenium/selenium-support/4.17.0/selenium-support-4.17.0.jar:"/>
    <property name="sun.cpu.endian" value="little"/>
    <property name="user.home" value="/home/roosvelt"/>
    <property name="user.language" value="fr"/>
    <property name="java.specification.vendor" value="Oracle Corporation"/>
    <property name="java.version.date" value="2023-10-17"/>
    <property name="java.home" value="/usr/lib/jvm/java-17-openjdk-amd64"/>
    <property name="file.separator" value="/"/>
    <property name="basedir" value="/home/roosvelt/Documents/SIGL/M2/INF563/TP EXAM/second_degree_equation"/>
    <property name="java.vm.compressedOopsMode" value="Zero based"/>
    <property name="line.separator" value="&#10;"/>
    <property name="java.vm.specification.vendor" value="Oracle Corporation"/>
    <property name="java.specification.name" value="Java Platform API Specification"/>
    <property name="surefire.real.class.path" value="/home/roosvelt/Documents/SIGL/M2/INF563/TP EXAM/second_degree_equation/target/surefire/surefirebooter-20240125162008139_3.jar"/>
    <property name="sun.management.compiler" value="HotSpot 64-Bit Tiered Compilers"/>
    <property name="java.runtime.version" value="17.0.9+9-Ubuntu-123.10"/>
    <property name="user.name" value="roosvelt"/>
    <property name="path.separator" value=":"/>
    <property name="os.version" value="6.5.0-14-generic"/>
    <property name="java.runtime.name" value="OpenJDK Runtime Environment"/>
    <property name="file.encoding" value="UTF-8"/>
    <property name="java.vm.name" value="OpenJDK 64-Bit Server VM"/>
    <property name="localRepository" value="/home/roosvelt/.m2/repository"/>
    <property name="java.vendor.url.bug" value="Unknown"/>
    <property name="java.io.tmpdir" value="/tmp"/>
    <property name="java.version" value="17.0.9"/>
    <property name="user.dir" value="/home/roosvelt/Documents/SIGL/M2/INF563/TP EXAM/second_degree_equation"/>
    <property name="os.arch" value="amd64"/>
    <property name="java.vm.specification.name" value="Java Virtual Machine Specification"/>
    <property name="native.encoding" value="UTF-8"/>
    <property name="java.library.path" value="/usr/java/packages/lib:/usr/lib/x86_64-linux-gnu/jni:/lib/x86_64-linux-gnu:/usr/lib/x86_64-linux-gnu:/usr/lib/jni:/lib:/usr/lib"/>
    <property name="java.vm.info" value="mixed mode, sharing"/>
    <property name="java.vendor" value="Private Build"/>
    <property name="java.vm.version" value="17.0.9+9-Ubuntu-123.10"/>
    <property name="sun.io.unicode.encoding" value="UnicodeLittle"/>
    <property name="java.class.version" value="61.0"/>
  </properties>
  <testcase name="Accès à la page de saisi des nombres" classname="Resolution d&apos;equation second degree" time="4.308">
    <system-out><![CDATA[
Scenario: Accès à la page de saisi des nombres                                &amp#27;[90m# second_degree_equation/equation.feature:3&amp#27;[0m
  &amp#27;[32mGiven &amp#27;[0m&amp#27;[32mJ'accède au site &amp#27;[0m&amp#27;[32m&amp#27;[1m"http://localhost:8080/second_degree_equation-1.0.0"&amp#27;[0m &amp#27;[90m# second_degree_equation.StepDefinitions.j_accède_au_site(java.lang.String)&amp#27;[0m
  &amp#27;[32mThen &amp#27;[0m&amp#27;[32mJe devrais voir le formulaire &amp#27;[0m&amp#27;[32m&amp#27;[1m"equation_form"&amp#27;[0m                          &amp#27;[90m# second_degree_equation.StepDefinitions.je_devrais_voir_le_formulaire(java.lang.String)&amp#27;[0m
]]></system-out>
  </testcase>
  <testcase name="Example #1.1" classname="Examples" time="4.632">
    <failure message="expected: &lt;true&gt; but was: &lt;false&gt;" type="org.opentest4j.AssertionFailedError"><![CDATA[org.opentest4j.AssertionFailedError: expected: <true> but was: <false>
	at second_degree_equation.StepDefinitions.je_devrais_etre_redirigé_sur_la_page_avec_les_resultats(StepDefinitions.java:62)
	at ✽.je devrais etre redirigé sur la page "http://localhost:8080/second_degree_equation-1.0.0/api" avec les resultats "<résultat>"(classpath:second_degree_equation/equation.feature:14)
]]></failure>
    <system-out><![CDATA[
Scenario Outline: Saisie des coefficients et résolution de l'équation                                                                &amp#27;[90m# second_degree_equation/equation.feature:18&amp#27;[0m
  &amp#27;[32mGiven &amp#27;[0m&amp#27;[32mJ'accède au site &amp#27;[0m&amp#27;[32m&amp#27;[1m"http://localhost:8080/second_degree_equation-1.0.0"&amp#27;[0m                                                        &amp#27;[90m# second_degree_equation.StepDefinitions.j_accède_au_site(java.lang.String)&amp#27;[0m
  &amp#27;[32mWhen &amp#27;[0m&amp#27;[32mJe saisis &amp#27;[0m&amp#27;[32m&amp#27;[1m"2"&amp#27;[0m&amp#27;[32m dans le champ &amp#27;[0m&amp#27;[32m&amp#27;[1m"a"&amp#27;[0m                                                                                               &amp#27;[90m# second_degree_equation.StepDefinitions.je_saisis_dans_le_champ(java.lang.String,java.lang.String)&amp#27;[0m
  &amp#27;[32mAnd &amp#27;[0m&amp#27;[32mJe saisis &amp#27;[0m&amp#27;[32m&amp#27;[1m"5"&amp#27;[0m&amp#27;[32m dans le champ &amp#27;[0m&amp#27;[32m&amp#27;[1m"b"&amp#27;[0m                                                                                                &amp#27;[90m# second_degree_equation.StepDefinitions.je_saisis_dans_le_champ(java.lang.String,java.lang.String)&amp#27;[0m
  &amp#27;[32mAnd &amp#27;[0m&amp#27;[32mJe saisis &amp#27;[0m&amp#27;[32m&amp#27;[1m"3"&amp#27;[0m&amp#27;[32m dans le champ &amp#27;[0m&amp#27;[32m&amp#27;[1m"c"&amp#27;[0m                                                                                                &amp#27;[90m# second_degree_equation.StepDefinitions.je_saisis_dans_le_champ(java.lang.String,java.lang.String)&amp#27;[0m
  &amp#27;[32mAnd &amp#27;[0m&amp#27;[32mJe clique sur le bouton&amp#27;[0m                                                                                                        &amp#27;[90m# second_degree_equation.StepDefinitions.je_clique_sur_le_bouton()&amp#27;[0m
  &amp#27;[31mThen &amp#27;[0m&amp#27;[31mje devrais etre redirigé sur la page &amp#27;[0m&amp#27;[31m&amp#27;[1m"http://localhost:8080/second_degree_equation-1.0.0/api"&amp#27;[0m&amp#27;[31m avec les resultats &amp#27;[0m&amp#27;[31m&amp#27;[1m"<résultat>"&amp#27;[0m &amp#27;[90m# second_degree_equation.StepDefinitions.je_devrais_etre_redirigé_sur_la_page_avec_les_resultats(java.lang.String,java.lang.String)&amp#27;[0m
      &amp#27;[31morg.opentest4j.AssertionFailedError: expected: <true> but was: <false>
	at org.junit.jupiter.api.AssertionFailureBuilder.build(AssertionFailureBuilder.java:151)
	at org.junit.jupiter.api.AssertionFailureBuilder.buildAndThrow(AssertionFailureBuilder.java:132)
	at org.junit.jupiter.api.AssertTrue.failNotTrue(AssertTrue.java:63)
	at org.junit.jupiter.api.AssertTrue.assertTrue(AssertTrue.java:36)
	at org.junit.jupiter.api.AssertTrue.assertTrue(AssertTrue.java:31)
	at org.junit.jupiter.api.Assertions.assertTrue(Assertions.java:183)
	at second_degree_equation.StepDefinitions.je_devrais_etre_redirigé_sur_la_page_avec_les_resultats(StepDefinitions.java:62)
	at ✽.je devrais etre redirigé sur la page "http://localhost:8080/second_degree_equation-1.0.0/api" avec les resultats "<résultat>"(classpath:second_degree_equation/equation.feature:14)
&amp#27;[0m
]]></system-out>
  </testcase>
  <testcase name="Example #1.2" classname="Examples" time="13.978">
    <error message="Expected condition failed: waiting for visibility of element located by By.id: roots (tried for 10 second(s) with 500 milliseconds interval)&#10;Build info: version: &apos;4.17.0&apos;, revision: &apos;e52b1be057*&apos;&#10;System info: os.name: &apos;Linux&apos;, os.arch: &apos;amd64&apos;, os.version: &apos;6.5.0-14-generic&apos;, java.version: &apos;17.0.9&apos;&#10;Driver info: org.openqa.selenium.chrome.ChromeDriver&#10;Capabilities {acceptInsecureCerts: false, browserName: chrome, browserVersion: 120.0.6099.129, chrome: {chromedriverVersion: 120.0.6099.109 (3419140ab66..., userDataDir: /tmp/.org.chromium.Chromium...}, fedcm:accounts: true, goog:chromeOptions: {debuggerAddress: localhost:36195}, networkConnectionEnabled: false, pageLoadStrategy: normal, platformName: linux, proxy: Proxy(), se:cdp: ws://localhost:36195/devtoo..., se:cdpVersion: 120.0.6099.129, setWindowRect: true, strictFileInteractability: false, timeouts: {implicit: 0, pageLoad: 300000, script: 30000}, unhandledPromptBehavior: dismiss and notify, webauthn:extension:credBlob: true, webauthn:extension:largeBlob: true, webauthn:extension:minPinLength: true, webauthn:extension:prf: true, webauthn:virtualAuthenticators: true}&#10;Session ID: 067804b4c4d23fcc716f99b8cd9f4202" type="org.openqa.selenium.TimeoutException"><![CDATA[org.openqa.selenium.TimeoutException: 
Expected condition failed: waiting for visibility of element located by By.id: roots (tried for 10 second(s) with 500 milliseconds interval)
Build info: version: '4.17.0', revision: 'e52b1be057*'
System info: os.name: 'Linux', os.arch: 'amd64', os.version: '6.5.0-14-generic', java.version: '17.0.9'
Driver info: org.openqa.selenium.chrome.ChromeDriver
Capabilities {acceptInsecureCerts: false, browserName: chrome, browserVersion: 120.0.6099.129, chrome: {chromedriverVersion: 120.0.6099.109 (3419140ab66..., userDataDir: /tmp/.org.chromium.Chromium...}, fedcm:accounts: true, goog:chromeOptions: {debuggerAddress: localhost:36195}, networkConnectionEnabled: false, pageLoadStrategy: normal, platformName: linux, proxy: Proxy(), se:cdp: ws://localhost:36195/devtoo..., se:cdpVersion: 120.0.6099.129, setWindowRect: true, strictFileInteractability: false, timeouts: {implicit: 0, pageLoad: 300000, script: 30000}, unhandledPromptBehavior: dismiss and notify, webauthn:extension:credBlob: true, webauthn:extension:largeBlob: true, webauthn:extension:minPinLength: true, webauthn:extension:prf: true, webauthn:virtualAuthenticators: true}
Session ID: 067804b4c4d23fcc716f99b8cd9f4202
	at org.openqa.selenium.support.ui.WebDriverWait.timeoutException(WebDriverWait.java:84)
	at org.openqa.selenium.support.ui.FluentWait.until(FluentWait.java:228)
	at second_degree_equation.StepDefinitions.je_devrais_etre_redirigé_sur_la_page_avec_les_resultats(StepDefinitions.java:58)
	at ✽.je devrais etre redirigé sur la page "http://localhost:8080/second_degree_equation-1.0.0/api" avec les resultats "<résultat>"(classpath:second_degree_equation/equation.feature:14)
]]></error>
    <system-out><![CDATA[
Scenario Outline: Saisie des coefficients et résolution de l'équation                                                                &amp#27;[90m# second_degree_equation/equation.feature:19&amp#27;[0m
  &amp#27;[32mGiven &amp#27;[0m&amp#27;[32mJ'accède au site &amp#27;[0m&amp#27;[32m&amp#27;[1m"http://localhost:8080/second_degree_equation-1.0.0"&amp#27;[0m                                                        &amp#27;[90m# second_degree_equation.StepDefinitions.j_accède_au_site(java.lang.String)&amp#27;[0m
  &amp#27;[32mWhen &amp#27;[0m&amp#27;[32mJe saisis &amp#27;[0m&amp#27;[32m&amp#27;[1m"1"&amp#27;[0m&amp#27;[32m dans le champ &amp#27;[0m&amp#27;[32m&amp#27;[1m"a"&amp#27;[0m                                                                                               &amp#27;[90m# second_degree_equation.StepDefinitions.je_saisis_dans_le_champ(java.lang.String,java.lang.String)&amp#27;[0m
  &amp#27;[32mAnd &amp#27;[0m&amp#27;[32mJe saisis &amp#27;[0m&amp#27;[32m&amp#27;[1m"1"&amp#27;[0m&amp#27;[32m dans le champ &amp#27;[0m&amp#27;[32m&amp#27;[1m"b"&amp#27;[0m                                                                                                &amp#27;[90m# second_degree_equation.StepDefinitions.je_saisis_dans_le_champ(java.lang.String,java.lang.String)&amp#27;[0m
  &amp#27;[32mAnd &amp#27;[0m&amp#27;[32mJe saisis &amp#27;[0m&amp#27;[32m&amp#27;[1m"1"&amp#27;[0m&amp#27;[32m dans le champ &amp#27;[0m&amp#27;[32m&amp#27;[1m"c"&amp#27;[0m                                                                                                &amp#27;[90m# second_degree_equation.StepDefinitions.je_saisis_dans_le_champ(java.lang.String,java.lang.String)&amp#27;[0m
  &amp#27;[32mAnd &amp#27;[0m&amp#27;[32mJe clique sur le bouton&amp#27;[0m                                                                                                        &amp#27;[90m# second_degree_equation.StepDefinitions.je_clique_sur_le_bouton()&amp#27;[0m
  &amp#27;[31mThen &amp#27;[0m&amp#27;[31mje devrais etre redirigé sur la page &amp#27;[0m&amp#27;[31m&amp#27;[1m"http://localhost:8080/second_degree_equation-1.0.0/api"&amp#27;[0m&amp#27;[31m avec les resultats &amp#27;[0m&amp#27;[31m&amp#27;[1m"<résultat>"&amp#27;[0m &amp#27;[90m# second_degree_equation.StepDefinitions.je_devrais_etre_redirigé_sur_la_page_avec_les_resultats(java.lang.String,java.lang.String)&amp#27;[0m
      &amp#27;[31morg.openqa.selenium.TimeoutException: Expected condition failed: waiting for visibility of element located by By.id: roots (tried for 10 second(s) with 500 milliseconds interval)
Build info: version: '4.17.0', revision: 'e52b1be057*'
System info: os.name: 'Linux', os.arch: 'amd64', os.version: '6.5.0-14-generic', java.version: '17.0.9'
Driver info: org.openqa.selenium.chrome.ChromeDriver
Capabilities {acceptInsecureCerts: false, browserName: chrome, browserVersion: 120.0.6099.129, chrome: {chromedriverVersion: 120.0.6099.109 (3419140ab66..., userDataDir: /tmp/.org.chromium.Chromium...}, fedcm:accounts: true, goog:chromeOptions: {debuggerAddress: localhost:36195}, networkConnectionEnabled: false, pageLoadStrategy: normal, platformName: linux, proxy: Proxy(), se:cdp: ws://localhost:36195/devtoo..., se:cdpVersion: 120.0.6099.129, setWindowRect: true, strictFileInteractability: false, timeouts: {implicit: 0, pageLoad: 300000, script: 30000}, unhandledPromptBehavior: dismiss and notify, webauthn:extension:credBlob: true, webauthn:extension:largeBlob: true, webauthn:extension:minPinLength: true, webauthn:extension:prf: true, webauthn:virtualAuthenticators: true}
Session ID: 067804b4c4d23fcc716f99b8cd9f4202
	at org.openqa.selenium.support.ui.WebDriverWait.timeoutException(WebDriverWait.java:84)
	at org.openqa.selenium.support.ui.FluentWait.until(FluentWait.java:228)
	at second_degree_equation.StepDefinitions.je_devrais_etre_redirigé_sur_la_page_avec_les_resultats(StepDefinitions.java:58)
	at ✽.je devrais etre redirigé sur la page "http://localhost:8080/second_degree_equation-1.0.0/api" avec les resultats "<résultat>"(classpath:second_degree_equation/equation.feature:14)
&amp#27;[0m
]]></system-out>
  </testcase>
  <testcase name="Example #1.3" classname="Examples" time="13.517">
    <error message="Expected condition failed: waiting for visibility of element located by By.id: roots (tried for 10 second(s) with 500 milliseconds interval)&#10;Build info: version: &apos;4.17.0&apos;, revision: &apos;e52b1be057*&apos;&#10;System info: os.name: &apos;Linux&apos;, os.arch: &apos;amd64&apos;, os.version: &apos;6.5.0-14-generic&apos;, java.version: &apos;17.0.9&apos;&#10;Driver info: org.openqa.selenium.chrome.ChromeDriver&#10;Capabilities {acceptInsecureCerts: false, browserName: chrome, browserVersion: 120.0.6099.129, chrome: {chromedriverVersion: 120.0.6099.109 (3419140ab66..., userDataDir: /tmp/.org.chromium.Chromium...}, fedcm:accounts: true, goog:chromeOptions: {debuggerAddress: localhost:38515}, networkConnectionEnabled: false, pageLoadStrategy: normal, platformName: linux, proxy: Proxy(), se:cdp: ws://localhost:38515/devtoo..., se:cdpVersion: 120.0.6099.129, setWindowRect: true, strictFileInteractability: false, timeouts: {implicit: 0, pageLoad: 300000, script: 30000}, unhandledPromptBehavior: dismiss and notify, webauthn:extension:credBlob: true, webauthn:extension:largeBlob: true, webauthn:extension:minPinLength: true, webauthn:extension:prf: true, webauthn:virtualAuthenticators: true}&#10;Session ID: 0d1320c6e875e8a2656fa8486a51ae97" type="org.openqa.selenium.TimeoutException"><![CDATA[org.openqa.selenium.TimeoutException: 
Expected condition failed: waiting for visibility of element located by By.id: roots (tried for 10 second(s) with 500 milliseconds interval)
Build info: version: '4.17.0', revision: 'e52b1be057*'
System info: os.name: 'Linux', os.arch: 'amd64', os.version: '6.5.0-14-generic', java.version: '17.0.9'
Driver info: org.openqa.selenium.chrome.ChromeDriver
Capabilities {acceptInsecureCerts: false, browserName: chrome, browserVersion: 120.0.6099.129, chrome: {chromedriverVersion: 120.0.6099.109 (3419140ab66..., userDataDir: /tmp/.org.chromium.Chromium...}, fedcm:accounts: true, goog:chromeOptions: {debuggerAddress: localhost:38515}, networkConnectionEnabled: false, pageLoadStrategy: normal, platformName: linux, proxy: Proxy(), se:cdp: ws://localhost:38515/devtoo..., se:cdpVersion: 120.0.6099.129, setWindowRect: true, strictFileInteractability: false, timeouts: {implicit: 0, pageLoad: 300000, script: 30000}, unhandledPromptBehavior: dismiss and notify, webauthn:extension:credBlob: true, webauthn:extension:largeBlob: true, webauthn:extension:minPinLength: true, webauthn:extension:prf: true, webauthn:virtualAuthenticators: true}
Session ID: 0d1320c6e875e8a2656fa8486a51ae97
	at org.openqa.selenium.support.ui.WebDriverWait.timeoutException(WebDriverWait.java:84)
	at org.openqa.selenium.support.ui.FluentWait.until(FluentWait.java:228)
	at second_degree_equation.StepDefinitions.je_devrais_etre_redirigé_sur_la_page_avec_les_resultats(StepDefinitions.java:58)
	at ✽.je devrais etre redirigé sur la page "http://localhost:8080/second_degree_equation-1.0.0/api" avec les resultats "<résultat>"(classpath:second_degree_equation/equation.feature:14)
]]></error>
    <system-out><![CDATA[
Scenario Outline: Saisie des coefficients et résolution de l'équation                                                                &amp#27;[90m# second_degree_equation/equation.feature:20&amp#27;[0m
  &amp#27;[32mGiven &amp#27;[0m&amp#27;[32mJ'accède au site &amp#27;[0m&amp#27;[32m&amp#27;[1m"http://localhost:8080/second_degree_equation-1.0.0"&amp#27;[0m                                                        &amp#27;[90m# second_degree_equation.StepDefinitions.j_accède_au_site(java.lang.String)&amp#27;[0m
  &amp#27;[32mWhen &amp#27;[0m&amp#27;[32mJe saisis &amp#27;[0m&amp#27;[32m&amp#27;[1m"0"&amp#27;[0m&amp#27;[32m dans le champ &amp#27;[0m&amp#27;[32m&amp#27;[1m"a"&amp#27;[0m                                                                                               &amp#27;[90m# second_degree_equation.StepDefinitions.je_saisis_dans_le_champ(java.lang.String,java.lang.String)&amp#27;[0m
  &amp#27;[32mAnd &amp#27;[0m&amp#27;[32mJe saisis &amp#27;[0m&amp#27;[32m&amp#27;[1m"5"&amp#27;[0m&amp#27;[32m dans le champ &amp#27;[0m&amp#27;[32m&amp#27;[1m"b"&amp#27;[0m                                                                                                &amp#27;[90m# second_degree_equation.StepDefinitions.je_saisis_dans_le_champ(java.lang.String,java.lang.String)&amp#27;[0m
  &amp#27;[32mAnd &amp#27;[0m&amp#27;[32mJe saisis &amp#27;[0m&amp#27;[32m&amp#27;[1m"2"&amp#27;[0m&amp#27;[32m dans le champ &amp#27;[0m&amp#27;[32m&amp#27;[1m"c"&amp#27;[0m                                                                                                &amp#27;[90m# second_degree_equation.StepDefinitions.je_saisis_dans_le_champ(java.lang.String,java.lang.String)&amp#27;[0m
  &amp#27;[32mAnd &amp#27;[0m&amp#27;[32mJe clique sur le bouton&amp#27;[0m                                                                                                        &amp#27;[90m# second_degree_equation.StepDefinitions.je_clique_sur_le_bouton()&amp#27;[0m
  &amp#27;[31mThen &amp#27;[0m&amp#27;[31mje devrais etre redirigé sur la page &amp#27;[0m&amp#27;[31m&amp#27;[1m"http://localhost:8080/second_degree_equation-1.0.0/api"&amp#27;[0m&amp#27;[31m avec les resultats &amp#27;[0m&amp#27;[31m&amp#27;[1m"<résultat>"&amp#27;[0m &amp#27;[90m# second_degree_equation.StepDefinitions.je_devrais_etre_redirigé_sur_la_page_avec_les_resultats(java.lang.String,java.lang.String)&amp#27;[0m
      &amp#27;[31morg.openqa.selenium.TimeoutException: Expected condition failed: waiting for visibility of element located by By.id: roots (tried for 10 second(s) with 500 milliseconds interval)
Build info: version: '4.17.0', revision: 'e52b1be057*'
System info: os.name: 'Linux', os.arch: 'amd64', os.version: '6.5.0-14-generic', java.version: '17.0.9'
Driver info: org.openqa.selenium.chrome.ChromeDriver
Capabilities {acceptInsecureCerts: false, browserName: chrome, browserVersion: 120.0.6099.129, chrome: {chromedriverVersion: 120.0.6099.109 (3419140ab66..., userDataDir: /tmp/.org.chromium.Chromium...}, fedcm:accounts: true, goog:chromeOptions: {debuggerAddress: localhost:38515}, networkConnectionEnabled: false, pageLoadStrategy: normal, platformName: linux, proxy: Proxy(), se:cdp: ws://localhost:38515/devtoo..., se:cdpVersion: 120.0.6099.129, setWindowRect: true, strictFileInteractability: false, timeouts: {implicit: 0, pageLoad: 300000, script: 30000}, unhandledPromptBehavior: dismiss and notify, webauthn:extension:credBlob: true, webauthn:extension:largeBlob: true, webauthn:extension:minPinLength: true, webauthn:extension:prf: true, webauthn:virtualAuthenticators: true}
Session ID: 0d1320c6e875e8a2656fa8486a51ae97
	at org.openqa.selenium.support.ui.WebDriverWait.timeoutException(WebDriverWait.java:84)
	at org.openqa.selenium.support.ui.FluentWait.until(FluentWait.java:228)
	at second_degree_equation.StepDefinitions.je_devrais_etre_redirigé_sur_la_page_avec_les_resultats(StepDefinitions.java:58)
	at ✽.je devrais etre redirigé sur la page "http://localhost:8080/second_degree_equation-1.0.0/api" avec les resultats "<résultat>"(classpath:second_degree_equation/equation.feature:14)
&amp#27;[0m
]]></system-out>
  </testcase>
  <testcase name="Example #1.4" classname="Examples" time="3.909">
    <failure message="expected: &lt;true&gt; but was: &lt;false&gt;" type="org.opentest4j.AssertionFailedError"><![CDATA[org.opentest4j.AssertionFailedError: expected: <true> but was: <false>
	at second_degree_equation.StepDefinitions.je_devrais_etre_redirigé_sur_la_page_avec_les_resultats(StepDefinitions.java:62)
	at ✽.je devrais etre redirigé sur la page "http://localhost:8080/second_degree_equation-1.0.0/api" avec les resultats "<résultat>"(classpath:second_degree_equation/equation.feature:14)
]]></failure>
    <system-out><![CDATA[
Scenario Outline: Saisie des coefficients et résolution de l'équation                                                                &amp#27;[90m# second_degree_equation/equation.feature:21&amp#27;[0m
  &amp#27;[32mGiven &amp#27;[0m&amp#27;[32mJ'accède au site &amp#27;[0m&amp#27;[32m&amp#27;[1m"http://localhost:8080/second_degree_equation-1.0.0"&amp#27;[0m                                                        &amp#27;[90m# second_degree_equation.StepDefinitions.j_accède_au_site(java.lang.String)&amp#27;[0m
  &amp#27;[32mWhen &amp#27;[0m&amp#27;[32mJe saisis &amp#27;[0m&amp#27;[32m&amp#27;[1m"4"&amp#27;[0m&amp#27;[32m dans le champ &amp#27;[0m&amp#27;[32m&amp#27;[1m"a"&amp#27;[0m                                                                                               &amp#27;[90m# second_degree_equation.StepDefinitions.je_saisis_dans_le_champ(java.lang.String,java.lang.String)&amp#27;[0m
  &amp#27;[32mAnd &amp#27;[0m&amp#27;[32mJe saisis &amp#27;[0m&amp#27;[32m&amp#27;[1m"0"&amp#27;[0m&amp#27;[32m dans le champ &amp#27;[0m&amp#27;[32m&amp#27;[1m"b"&amp#27;[0m                                                                                                &amp#27;[90m# second_degree_equation.StepDefinitions.je_saisis_dans_le_champ(java.lang.String,java.lang.String)&amp#27;[0m
  &amp#27;[32mAnd &amp#27;[0m&amp#27;[32mJe saisis &amp#27;[0m&amp#27;[32m&amp#27;[1m"0"&amp#27;[0m&amp#27;[32m dans le champ &amp#27;[0m&amp#27;[32m&amp#27;[1m"c"&amp#27;[0m                                                                                                &amp#27;[90m# second_degree_equation.StepDefinitions.je_saisis_dans_le_champ(java.lang.String,java.lang.String)&amp#27;[0m
  &amp#27;[32mAnd &amp#27;[0m&amp#27;[32mJe clique sur le bouton&amp#27;[0m                                                                                                        &amp#27;[90m# second_degree_equation.StepDefinitions.je_clique_sur_le_bouton()&amp#27;[0m
  &amp#27;[31mThen &amp#27;[0m&amp#27;[31mje devrais etre redirigé sur la page &amp#27;[0m&amp#27;[31m&amp#27;[1m"http://localhost:8080/second_degree_equation-1.0.0/api"&amp#27;[0m&amp#27;[31m avec les resultats &amp#27;[0m&amp#27;[31m&amp#27;[1m"<résultat>"&amp#27;[0m &amp#27;[90m# second_degree_equation.StepDefinitions.je_devrais_etre_redirigé_sur_la_page_avec_les_resultats(java.lang.String,java.lang.String)&amp#27;[0m
      &amp#27;[31morg.opentest4j.AssertionFailedError: expected: <true> but was: <false>
	at org.junit.jupiter.api.AssertionFailureBuilder.build(AssertionFailureBuilder.java:151)
	at org.junit.jupiter.api.AssertionFailureBuilder.buildAndThrow(AssertionFailureBuilder.java:132)
	at org.junit.jupiter.api.AssertTrue.failNotTrue(AssertTrue.java:63)
	at org.junit.jupiter.api.AssertTrue.assertTrue(AssertTrue.java:36)
	at org.junit.jupiter.api.AssertTrue.assertTrue(AssertTrue.java:31)
	at org.junit.jupiter.api.Assertions.assertTrue(Assertions.java:183)
	at second_degree_equation.StepDefinitions.je_devrais_etre_redirigé_sur_la_page_avec_les_resultats(StepDefinitions.java:62)
	at ✽.je devrais etre redirigé sur la page "http://localhost:8080/second_degree_equation-1.0.0/api" avec les resultats "<résultat>"(classpath:second_degree_equation/equation.feature:14)
&amp#27;[0m
]]></system-out>
  </testcase>
  <testcase name="Example #1.5" classname="Examples" time="14.292">
    <error message="Expected condition failed: waiting for visibility of element located by By.id: roots (tried for 10 second(s) with 500 milliseconds interval)&#10;Build info: version: &apos;4.17.0&apos;, revision: &apos;e52b1be057*&apos;&#10;System info: os.name: &apos;Linux&apos;, os.arch: &apos;amd64&apos;, os.version: &apos;6.5.0-14-generic&apos;, java.version: &apos;17.0.9&apos;&#10;Driver info: org.openqa.selenium.chrome.ChromeDriver&#10;Capabilities {acceptInsecureCerts: false, browserName: chrome, browserVersion: 120.0.6099.129, chrome: {chromedriverVersion: 120.0.6099.109 (3419140ab66..., userDataDir: /tmp/.org.chromium.Chromium...}, fedcm:accounts: true, goog:chromeOptions: {debuggerAddress: localhost:36475}, networkConnectionEnabled: false, pageLoadStrategy: normal, platformName: linux, proxy: Proxy(), se:cdp: ws://localhost:36475/devtoo..., se:cdpVersion: 120.0.6099.129, setWindowRect: true, strictFileInteractability: false, timeouts: {implicit: 0, pageLoad: 300000, script: 30000}, unhandledPromptBehavior: dismiss and notify, webauthn:extension:credBlob: true, webauthn:extension:largeBlob: true, webauthn:extension:minPinLength: true, webauthn:extension:prf: true, webauthn:virtualAuthenticators: true}&#10;Session ID: abf8ab712efc9944c86fb29190397d3d" type="org.openqa.selenium.TimeoutException"><![CDATA[org.openqa.selenium.TimeoutException: 
Expected condition failed: waiting for visibility of element located by By.id: roots (tried for 10 second(s) with 500 milliseconds interval)
Build info: version: '4.17.0', revision: 'e52b1be057*'
System info: os.name: 'Linux', os.arch: 'amd64', os.version: '6.5.0-14-generic', java.version: '17.0.9'
Driver info: org.openqa.selenium.chrome.ChromeDriver
Capabilities {acceptInsecureCerts: false, browserName: chrome, browserVersion: 120.0.6099.129, chrome: {chromedriverVersion: 120.0.6099.109 (3419140ab66..., userDataDir: /tmp/.org.chromium.Chromium...}, fedcm:accounts: true, goog:chromeOptions: {debuggerAddress: localhost:36475}, networkConnectionEnabled: false, pageLoadStrategy: normal, platformName: linux, proxy: Proxy(), se:cdp: ws://localhost:36475/devtoo..., se:cdpVersion: 120.0.6099.129, setWindowRect: true, strictFileInteractability: false, timeouts: {implicit: 0, pageLoad: 300000, script: 30000}, unhandledPromptBehavior: dismiss and notify, webauthn:extension:credBlob: true, webauthn:extension:largeBlob: true, webauthn:extension:minPinLength: true, webauthn:extension:prf: true, webauthn:virtualAuthenticators: true}
Session ID: abf8ab712efc9944c86fb29190397d3d
	at org.openqa.selenium.support.ui.WebDriverWait.timeoutException(WebDriverWait.java:84)
	at org.openqa.selenium.support.ui.FluentWait.until(FluentWait.java:228)
	at second_degree_equation.StepDefinitions.je_devrais_etre_redirigé_sur_la_page_avec_les_resultats(StepDefinitions.java:58)
	at ✽.je devrais etre redirigé sur la page "http://localhost:8080/second_degree_equation-1.0.0/api" avec les resultats "<résultat>"(classpath:second_degree_equation/equation.feature:14)
]]></error>
    <system-out><![CDATA[
Scenario Outline: Saisie des coefficients et résolution de l'équation                                                                &amp#27;[90m# second_degree_equation/equation.feature:22&amp#27;[0m
  &amp#27;[32mGiven &amp#27;[0m&amp#27;[32mJ'accède au site &amp#27;[0m&amp#27;[32m&amp#27;[1m"http://localhost:8080/second_degree_equation-1.0.0"&amp#27;[0m                                                        &amp#27;[90m# second_degree_equation.StepDefinitions.j_accède_au_site(java.lang.String)&amp#27;[0m
  &amp#27;[32mWhen &amp#27;[0m&amp#27;[32mJe saisis &amp#27;[0m&amp#27;[32m&amp#27;[1m"3"&amp#27;[0m&amp#27;[32m dans le champ &amp#27;[0m&amp#27;[32m&amp#27;[1m"a"&amp#27;[0m                                                                                               &amp#27;[90m# second_degree_equation.StepDefinitions.je_saisis_dans_le_champ(java.lang.String,java.lang.String)&amp#27;[0m
  &amp#27;[32mAnd &amp#27;[0m&amp#27;[32mJe saisis &amp#27;[0m&amp#27;[32m&amp#27;[1m"2"&amp#27;[0m&amp#27;[32m dans le champ &amp#27;[0m&amp#27;[32m&amp#27;[1m"b"&amp#27;[0m                                                                                                &amp#27;[90m# second_degree_equation.StepDefinitions.je_saisis_dans_le_champ(java.lang.String,java.lang.String)&amp#27;[0m
  &amp#27;[32mAnd &amp#27;[0m&amp#27;[32mJe saisis &amp#27;[0m&amp#27;[32m&amp#27;[1m"1"&amp#27;[0m&amp#27;[32m dans le champ &amp#27;[0m&amp#27;[32m&amp#27;[1m"c"&amp#27;[0m                                                                                                &amp#27;[90m# second_degree_equation.StepDefinitions.je_saisis_dans_le_champ(java.lang.String,java.lang.String)&amp#27;[0m
  &amp#27;[32mAnd &amp#27;[0m&amp#27;[32mJe clique sur le bouton&amp#27;[0m                                                                                                        &amp#27;[90m# second_degree_equation.StepDefinitions.je_clique_sur_le_bouton()&amp#27;[0m
  &amp#27;[31mThen &amp#27;[0m&amp#27;[31mje devrais etre redirigé sur la page &amp#27;[0m&amp#27;[31m&amp#27;[1m"http://localhost:8080/second_degree_equation-1.0.0/api"&amp#27;[0m&amp#27;[31m avec les resultats &amp#27;[0m&amp#27;[31m&amp#27;[1m"<résultat>"&amp#27;[0m &amp#27;[90m# second_degree_equation.StepDefinitions.je_devrais_etre_redirigé_sur_la_page_avec_les_resultats(java.lang.String,java.lang.String)&amp#27;[0m
      &amp#27;[31morg.openqa.selenium.TimeoutException: Expected condition failed: waiting for visibility of element located by By.id: roots (tried for 10 second(s) with 500 milliseconds interval)
Build info: version: '4.17.0', revision: 'e52b1be057*'
System info: os.name: 'Linux', os.arch: 'amd64', os.version: '6.5.0-14-generic', java.version: '17.0.9'
Driver info: org.openqa.selenium.chrome.ChromeDriver
Capabilities {acceptInsecureCerts: false, browserName: chrome, browserVersion: 120.0.6099.129, chrome: {chromedriverVersion: 120.0.6099.109 (3419140ab66..., userDataDir: /tmp/.org.chromium.Chromium...}, fedcm:accounts: true, goog:chromeOptions: {debuggerAddress: localhost:36475}, networkConnectionEnabled: false, pageLoadStrategy: normal, platformName: linux, proxy: Proxy(), se:cdp: ws://localhost:36475/devtoo..., se:cdpVersion: 120.0.6099.129, setWindowRect: true, strictFileInteractability: false, timeouts: {implicit: 0, pageLoad: 300000, script: 30000}, unhandledPromptBehavior: dismiss and notify, webauthn:extension:credBlob: true, webauthn:extension:largeBlob: true, webauthn:extension:minPinLength: true, webauthn:extension:prf: true, webauthn:virtualAuthenticators: true}
Session ID: abf8ab712efc9944c86fb29190397d3d
	at org.openqa.selenium.support.ui.WebDriverWait.timeoutException(WebDriverWait.java:84)
	at org.openqa.selenium.support.ui.FluentWait.until(FluentWait.java:228)
	at second_degree_equation.StepDefinitions.je_devrais_etre_redirigé_sur_la_page_avec_les_resultats(StepDefinitions.java:58)
	at ✽.je devrais etre redirigé sur la page "http://localhost:8080/second_degree_equation-1.0.0/api" avec les resultats "<résultat>"(classpath:second_degree_equation/equation.feature:14)
&amp#27;[0m
]]></system-out>
  </testcase>
</testsuite>